[HTTP] Binding to address: :1080
Creating API v1 with WebPath: 
Creating API v2 with WebPath: 
Got message in APIv2 websocket channel
[APIv2] BROADCAST /api/v2/websocket
Got message in APIv1 event stream
Sending content: {
  "ID": "oo1tJLKEAgK_Is-rrhh5vXITK_YDZpSS0cJDP9ZxguQ=@mailhog.example",
  "From": {
    "Relays": null,
    "Mailbox": "nobody",
    "Domain": "54390444ccf7",
    "Params": ""
  },
  "To": [
    {
      "Relays": null,
      "Mailbox": "mailhog",
      "Domain": "flywheel.local",
      "Params": ""
    }
  ],
  "Content": {
    "Headers": {
      "Content-Type": [
        "text/plain; charset=UTF-8"
      ],
      "Date": [
        "Sun, 4 Nov 2018 22:44:36 +0000"
      ],
      "From": [
        "WordPress \u003cwordpress@p10.local\u003e"
      ],
      "MIME-Version": [
        "1.0"
      ],
      "Message-ID": [
        "\u003c9cbb48c06ee877773c3e2106ea110981@p10.local\u003e"
      ],
      "Received": [
        "from localhost by mailhog.example (MailHog)\r\n          id oo1tJLKEAgK_Is-rrhh5vXITK_YDZpSS0cJDP9ZxguQ=@mailhog.example; Sun, 04 Nov 2018 22:44:36 +0000"
      ],
      "Return-Path": [
        "\u003cnobody@54390444ccf7\u003e"
      ],
      "Subject": [
        "New WordPress Site"
      ],
      "To": [
        "dev-email@flywheel.local"
      ],
      "X-Mailer": [
        "PHPMailer 5.2.22 (https://github.com/PHPMailer/PHPMailer)"
      ],
      "X-PHP-Originating-Script": [
        "0:class-phpmailer.php"
      ]
    },
    "Body": "Your new WordPress site has been successfully set up at:\r\n\r\nhttp://p10.local\r\n\r\nYou can log in to the administrator account with the following information:\r\n\r\nUsername: rwoodmass_devp10\r\nPassword: The password you chose during installation.\r\nLog in here: http://p10.local/wp-login.php\r\n\r\nWe hope you enjoy your new site. Thanks!\r\n\r\n--The WordPress Team\r\nhttps://wordpress.org/\r\n",
    "Size": 752,
    "MIME": null
  },
  "Created": "2018-11-04T22:44:36.344143167Z",
  "MIME": null,
  "Raw": {
    "From": "nobody@54390444ccf7",
    "To": [
      "mailhog@flywheel.local"
    ],
    "Data": "To: dev-email@flywheel.local\r\nSubject: New WordPress Site\r\nX-PHP-Originating-Script: 0:class-phpmailer.php\r\nDate: Sun, 4 Nov 2018 22:44:36 +0000\r\nFrom: WordPress \u003cwordpress@p10.local\u003e\r\nMessage-ID: \u003c9cbb48c06ee877773c3e2106ea110981@p10.local\u003e\r\nX-Mailer: PHPMailer 5.2.22 (https://github.com/PHPMailer/PHPMailer)\r\nMIME-Version: 1.0\r\nContent-Type: text/plain; charset=UTF-8\r\n\r\nYour new WordPress site has been successfully set up at:\r\n\r\nhttp://p10.local\r\n\r\nYou can log in to the administrator account with the following information:\r\n\r\nUsername: rwoodmass_devp10\r\nPassword: The password you chose during installation.\r\nLog in here: http://p10.local/wp-login.php\r\n\r\nWe hope you enjoy your new site. Thanks!\r\n\r\n--The WordPress Team\r\nhttps://wordpress.org/\r\n",
    "Helo": "localhost"
  }
}

[APIv1] BROADCAST /api/v1/events
