2018-11-04T22:44:30.095792Z 0 [Warning] TIMESTAMP with implicit DEFAULT value is deprecated. Please use --explicit_defaults_for_timestamp server option (see documentation for more details).
2018-11-04T22:44:30.096629Z 0 [Note] /usr/sbin/mysqld (mysqld 5.7.23) starting as process 33 ...
2018-11-04T22:44:30.108712Z 0 [Note] InnoDB: PUNCH HOLE support available
2018-11-04T22:44:30.108747Z 0 [Note] InnoDB: Mutexes and rw_locks use GCC atomic builtins
2018-11-04T22:44:30.108755Z 0 [Note] InnoDB: Uses event mutexes
2018-11-04T22:44:30.108759Z 0 [Note] InnoDB: GCC builtin __atomic_thread_fence() is used for memory barrier
2018-11-04T22:44:30.108764Z 0 [Note] InnoDB: Compressed tables use zlib 1.2.3
2018-11-04T22:44:30.108768Z 0 [Note] InnoDB: Using Linux native AIO
2018-11-04T22:44:30.109025Z 0 [Note] InnoDB: Number of pools: 1
2018-11-04T22:44:30.109158Z 0 [Note] InnoDB: Using CPU crc32 instructions
2018-11-04T22:44:30.111461Z 0 [Note] InnoDB: Initializing buffer pool, total size = 32M, instances = 1, chunk size = 32M
2018-11-04T22:44:30.127281Z 0 [Note] InnoDB: Completed initialization of buffer pool
2018-11-04T22:44:30.129372Z 0 [Note] InnoDB: If the mysqld execution user is authorized, page cleaner thread priority can be changed. See the man page of setpriority().
2018-11-04T22:44:30.146471Z 0 [Note] InnoDB: Highest supported file format is Barracuda.
2018-11-04T22:44:30.147030Z 0 [Note] InnoDB: Log scan progressed past the checkpoint lsn 2588963
2018-11-04T22:44:30.147054Z 0 [Note] InnoDB: Doing recovery: scanned up to log sequence number 2591784
2018-11-04T22:44:30.148062Z 0 [Note] InnoDB: Database was not shutdown normally!
2018-11-04T22:44:30.148087Z 0 [Note] InnoDB: Starting crash recovery.
2018-11-04T22:44:30.424854Z 0 [Note] InnoDB: Starting an apply batch of log records to the database...
InnoDB: Progress in percent: 16 17 18 19 20 21 22 23 24 25 26 27 28 29 30 31 32 33 34 35 36 37 38 39 40 41 42 43 44 45 46 47 48 49 50 51 52 53 54 55 56 57 58 59 60 61 62 63 64 65 66 67 68 69 70 71 72 73 74 75 76 77 78 79 80 81 82 83 84 85 86 87 88 89 90 91 92 93 94 95 96 97 98 99 
2018-11-04T22:44:30.450483Z 0 [Note] InnoDB: Apply batch completed
2018-11-04T22:44:30.579202Z 0 [Note] InnoDB: Removed temporary tablespace data file: "ibtmp1"
2018-11-04T22:44:30.579229Z 0 [Note] InnoDB: Creating shared tablespace for temporary tables
2018-11-04T22:44:30.579309Z 0 [Note] InnoDB: Setting file './ibtmp1' size to 12 MB. Physically writing the file full; Please wait ...
2018-11-04T22:44:30.630207Z 0 [Note] InnoDB: File './ibtmp1' size is now 12 MB.
2018-11-04T22:44:30.631339Z 0 [Note] InnoDB: 96 redo rollback segment(s) found. 96 redo rollback segment(s) are active.
2018-11-04T22:44:30.631380Z 0 [Note] InnoDB: 32 non-redo rollback segment(s) are active.
2018-11-04T22:44:30.632010Z 0 [Note] InnoDB: Waiting for purge to start
2018-11-04T22:44:30.682174Z 0 [Note] InnoDB: 5.7.23 started; log sequence number 2591784
2018-11-04T22:44:30.684384Z 0 [Note] Plugin 'FEDERATED' is disabled.
2018-11-04T22:44:30.684809Z 0 [Note] InnoDB: Loading buffer pool(s) from /var/lib/mysql/ib_buffer_pool
2018-11-04T22:44:30.687585Z 0 [Note] InnoDB: Buffer pool(s) load completed at 181104 22:44:30
2018-11-04T22:44:30.694508Z 0 [Warning] Failed to set up SSL because of the following SSL library error: SSL context is not usable without certificate and private key
2018-11-04T22:44:30.694541Z 0 [Note] Server hostname (bind-address): '*'; port: 3306
2018-11-04T22:44:30.695347Z 0 [Note] IPv6 is available.
2018-11-04T22:44:30.696368Z 0 [Note]   - '::' resolves to '::';
2018-11-04T22:44:30.696426Z 0 [Note] Server socket created on IP: '::'.
2018-11-04T22:44:30.697863Z 0 [Warning] Insecure configuration for --pid-file: Location '/var/run/mysqld' in the path is accessible to all OS users. Consider choosing a different directory.
2018-11-04T22:44:30.700171Z 0 [ERROR] /usr/sbin/mysqld: Table './mysql/user' is marked as crashed and should be repaired
2018-11-04T22:44:30.700401Z 0 [Warning] Checking table:   './mysql/user'
2018-11-04T22:44:30.700416Z 0 [ERROR] 1 client is using or hasn't closed the table properly
2018-11-04T22:44:30.700965Z 0 [Warning] 'user' entry 'root@localhost' ignored in --skip-name-resolve mode.
2018-11-04T22:44:30.700988Z 0 [Warning] 'user' entry 'mysql.session@localhost' ignored in --skip-name-resolve mode.
2018-11-04T22:44:30.700995Z 0 [Warning] 'user' entry 'mysql.sys@localhost' ignored in --skip-name-resolve mode.
2018-11-04T22:44:30.701010Z 0 [Warning] 'db' entry 'performance_schema mysql.session@localhost' ignored in --skip-name-resolve mode.
2018-11-04T22:44:30.701013Z 0 [Warning] 'db' entry 'sys mysql.sys@localhost' ignored in --skip-name-resolve mode.
2018-11-04T22:44:30.701021Z 0 [Warning] 'proxies_priv' entry '@ root@localhost' ignored in --skip-name-resolve mode.
2018-11-04T22:44:30.702191Z 0 [Warning] 'tables_priv' entry 'user mysql.session@localhost' ignored in --skip-name-resolve mode.
2018-11-04T22:44:30.702209Z 0 [Warning] 'tables_priv' entry 'sys_config mysql.sys@localhost' ignored in --skip-name-resolve mode.
2018-11-04T22:44:30.724813Z 0 [Note] Event Scheduler: Loaded 0 events
2018-11-04T22:44:30.736618Z 0 [Note] /usr/sbin/mysqld: ready for connections.
Version: '5.7.23'  socket: '/var/run/mysqld/mysqld.sock'  port: 3306  MySQL Community Server (GPL)
2018-11-04T22:44:31.932333Z 4 [ERROR] /usr/sbin/mysqld: Table './mysql/proc' is marked as crashed and should be repaired
2018-11-04T22:44:31.932508Z 4 [Warning] Checking table:   './mysql/proc'
2018-11-04T22:44:31.972775Z 6 [Warning] 'user' entry 'root@localhost' ignored in --skip-name-resolve mode.
2018-11-04T22:44:31.972816Z 6 [Warning] 'user' entry 'mysql.session@localhost' ignored in --skip-name-resolve mode.
2018-11-04T22:44:31.972831Z 6 [Warning] 'user' entry 'mysql.sys@localhost' ignored in --skip-name-resolve mode.
2018-11-04T22:44:31.972858Z 6 [Warning] 'db' entry 'performance_schema mysql.session@localhost' ignored in --skip-name-resolve mode.
2018-11-04T22:44:31.972865Z 6 [Warning] 'db' entry 'sys mysql.sys@localhost' ignored in --skip-name-resolve mode.
2018-11-04T22:44:31.972878Z 6 [Warning] 'proxies_priv' entry '@ root@localhost' ignored in --skip-name-resolve mode.
2018-11-04T22:44:31.973115Z 6 [Warning] 'tables_priv' entry 'user mysql.session@localhost' ignored in --skip-name-resolve mode.
2018-11-04T22:44:31.973131Z 6 [Warning] 'tables_priv' entry 'sys_config mysql.sys@localhost' ignored in --skip-name-resolve mode.
